00:00:00.703814 VirtualBox GUI VM Selector Window 6.0.8 r130347 linux.amd64 (May 15 2019 09:04:27) release log
00:00:00.703818 Log opened 2019-06-18T03:05:15.410353000Z
00:00:00.703820 Build Type: release
00:00:00.703824 OS Product: Linux
00:00:00.703826 OS Release: 5.1.9-arch1-1-ARCH
00:00:00.703828 OS Version: #1 SMP PREEMPT Tue Jun 11 16:18:09 UTC 2019
00:00:00.703863 DMI Product Name: XPS 15 9560
00:00:00.703878 DMI Product Version: 
00:00:00.703954 Host RAM: 32017MB (31.2GB) total, 30184MB (29.4GB) available
00:00:00.703961 Executable: /usr/lib/virtualbox/VirtualBox
00:00:00.703962 Process ID: 4694
00:00:00.703963 Package type: LINUX_64BITS_GENERIC (OSE)
00:00:00.704012 Qt version: 5.12.4
00:00:00.725582 GUI: UIMediumEnumerator: Medium-enumeration started...
00:00:00.725615 GUI: UIMediumEnumerator: Medium-enumeration finished!
00:00:01.063439 GUI: UIDesktopWidgetWatchdog::sltHandleHostScreenAvailableGeometryCalculated: Screen 0 work area is actually resized to: 0x30 x 2048x1122
00:00:01.160366 Failed to open "/dev/vboxdrv", errno=13, rc=VERR_VM_DRIVER_NOT_ACCESSIBLE
00:00:01.228057 refreshCertificates/#1: Certificate '/etc/ca-certificates/extracted/objsign-ca-bundle.pem' is empty
00:00:01.234456 refreshCertificates/#3: Found 1/308 SSL certs we/you trust (previously 0/0).
00:00:07.449658 GUI: UIMediumEnumerator: Medium-enumeration started...
00:00:07.449841 GUI: UIMediumEnumerator: Medium-enumeration finished!
00:01:56.358701 GUI: UIMediumEnumerator: Medium with key={{625101a6-229e-4b84-8dc4-d5ac14de16fd}} created
00:01:56.725999 GUI: UIMediumEnumerator: Medium-enumeration finished!
00:05:26.934003 GUI: UIMediumEnumerator: Medium-enumeration finished!
00:11:32.367044 GUI: UIMediumEnumerator: Medium-enumeration finished!
00:16:39.198930 GUI: UIMediumEnumerator: Medium-enumeration finished!
00:16:39.255925 GUI: UIMediumEnumerator: Medium-enumeration finished!
00:17:32.958990 GUI: UIMediumEnumerator: Medium-enumeration started...
00:17:33.381123 2D support test succeeded
00:17:33.529533 GUI: UIMediumEnumerator: Medium-enumeration finished!
00:18:19.429458 Failed to open "/dev/vboxdrv", errno=13, rc=VERR_VM_DRIVER_NOT_ACCESSIBLE
00:18:22.480983 Failed to open "/dev/vboxdrv", errno=13, rc=VERR_VM_DRIVER_NOT_ACCESSIBLE
00:20:09.292119 GUI: UIMediumEnumerator: Medium-enumeration finished!
00:21:12.556696 GUI: UIMediumEnumerator: Medium-enumeration finished!
00:22:30.153591 GUI: UIMediumEnumerator: Medium-enumeration finished!
00:22:30.160461 GUI: UIMediumEnumerator: Medium-enumeration finished!
